<?xml version="1.0" encoding="UTF-8" ?>
<!DOCTYPE html>
<html b:css='false' b:js='false' b:defaultwidgetversion='2' b:layoutsVersion='3' b:responsive='true' b:templateUrl='vegeclub.xml' expr:lang='data:blog.locale' xmlns='http://www.w3.org/1999/xhtml' xmlns:b='http://www.google.com/2005/gml/b' xmlns:data='http://www.google.com/2005/gml/data' xmlns:expr='http://www.google.com/2005/gml/expr'>
	<b:attr name='xmlns' value=''/>
	<b:attr name='xmlns:b' value=''/>
	<b:attr name='xmlns:expr' value=''/>
	<b:attr name='xmlns:data' value=''/>
<head>
<meta content='width=device-width, initial-scale=1' name='viewport'/>
<title><data:view.title.escaped/></title>
<b:include data='blog' name='all-head-content'/>
<b:skin><![CDATA[

]]></b:skin>

</head>
<body>

<!-- header -->
<b:if cond='data:view.isHomepage'>
	<h1><a expr:href='data:blog.homepageUrl' expr:title='data:blog.title'>Logo</a></h1>
<b:else/>
	<div><a expr:href='data:blog.homepageUrl' expr:title='data:blog.title'>Logo</a></div>
</b:if>

<!-- search -->
<form expr:action='data:blog.searchUrl'>
	<input name='q' placeholder='Tìm tên truyện có dấu...' expr:value='data:view.isSearch ? data:view.search.query.escaped : ""'/>
	<button type="submit">Search</button>
</form>

<!-- section blog -->
<b:section id='Main' preferred='yes'>

	<b:widget id='Blog1' locked='true' title='Bài đăng trên Blog' type='Blog'>

		<!-- isMain -->
		<b:includable id='main'>

			<!-- trang lỗi -->
			<b:if cond='data:view.isError'>
				<b:include name='isError'/>

			<!-- trang chủ -->
			<b:elseif cond='data:view.isHomepage'/>
				<h2>New posts</h2>
				<b:loop values='data:posts' var='post'>
					<b:include data='post' name='isHomepage'/>
				</b:loop>
				<!-- pagination -->
				<b:include name='postPagination'/>

			<!-- trang lưu trữ -->
			<b:elseif cond='data:view.isArchive'/>
				<h1>Trang luu tru</h1>

			<!-- trang bài viết -->
			<b:elseif cond='data:view.isPost'/>
				<b:loop values='data:posts' var='post'>
					<b:include data='post' name='isPost'/>
				</b:loop>

			<!-- trang tĩnh -->
			<b:elseif cond='data:view.isPage'/>
				<b:loop values='data:posts' var='post'>
					<b:include data='post' name='isPage'/>
				</b:loop>

			<!-- trang tìm kiếm -->
			<b:elseif cond='data:view.isSearch'/>
				<!-- label -->
				<b:if cond='data:view.search.label'>
					<b:if cond='data:blog.searchLabel == "Blogger"'>
						<h1>Đây là nhãn Blogger</h1>
					<b:else/>
						<h1><b:eval expr='data:blog.pageName ? data:blog.pageName : "Sách về..."'/></h1>
						<!-- posts -->
						<b:if cond='data:posts.empty'>
							<b:include name='isEmpty'/>
						<b:else/>
							<b:loop values='data:posts' var='post'>
								<b:include data='post' name='isSearch'/>
							</b:loop>
							<b:include name='postPagination'/>
						</b:if>
					</b:if>
				<!-- tim kiem -->
				<b:elseif cond='data:view.search.query'/>
					<h1><b:eval expr='data:blog.pageName ? data:blog.pageName : "Sách về..."'/></h1>
					<!-- posts -->
					<b:if cond='data:posts.empty'>
						<b:include name='isEmpty'/>
					<b:else/>
						<b:loop values='data:posts' var='post'>
							<b:include data='post' name='isSearch'/>
						</b:loop>
						<b:include name='postPagination'/>
					</b:if>
				<b:else/>
					<!-- posts -->
					<h2>New posts</h2>
					<b:loop values='data:posts' var='post'>
						<b:include data='post' name='isSearch'/>
					</b:loop>
					<!-- pagi -->
					<b:include name='postPagination'/>
				</b:if>

			<b:else/>
				<h1>Khac</h1>
			</b:if>

		</b:includable>

		<!-- Phan content -->

		<!-- isError -->
		<b:includable id='isError' var='post'>
			<h3>Trang không tồn tại.</h3>
		</b:includable>

		<!-- isEmpty -->
		<b:includable id='isEmpty' var='post'>
			<h3>Không có bài viết nào.</h3>
		</b:includable>

		<!-- isHomepage -->
		<b:includable id='isHomepage' var='post'>
			<h3>
				<a expr:href='data:post.link ? data:post.link : data:post.url' expr:title='data:post.title'><data:post.title/></a>
			</h3>
		</b:includable>

		<!-- isSearch -->
		<b:includable id='isSearch' var='post'>
			<h3><a expr:href='data:post.link ? data:post.link : data:post.url' expr:title='data:post.title'><data:post.title/></a></h3>
			<div><b:eval expr='format(data:post.date, "d/M/Y")'/></div>
		</b:includable>


		<!-- isPage -->
		<b:includable id='isPage' var='post'>
			<h1><data:post.title/></h1>
			<div><em><b:eval expr='format(data:post.date, "d/M/Y")'/></em></div>
			<hr/>
			<data:post.body/>
		</b:includable>


		<!-- isPost -->
		<b:includable id='isPost' var='post'>
			<h1><data:post.title/></h1>
			<div>
				<!-- labels -->
				<div>
					Tags:
					<b:loop values='data:post.labels' var='label'>
						<a expr:href='data:label.url'><span><data:label.name/></span></a>
					</b:loop>
				</div>
				<hr/>

				<data:post.body/>

				<!-- downloads -->
				<hr/>
				<div>
					
					<b:loop values='data:post.enclosures' var='enclosure'>
						<b:if cond='data:enclosure.mimeType == "vi"'>
							<a expr:href='data:enclosure.url'>Tải về TXT</a>
						</b:if>
					</b:loop>
					<b:loop values='data:post.enclosures' var='enclosure'>
						<b:if cond='data:enclosure.mimeType == "cn"'>
							<a expr:href='data:enclosure.url'>Tải về TXT Trung</a>
						</b:if>
					</b:loop>
					<b:loop values='data:post.enclosures' var='enclosure'>
						<b:if cond='data:enclosure.mimeType == "txt"'>
							<a expr:href='data:enclosure.url'>Tải về</a>
						</b:if>
					</b:loop>

				</div>
			</div>

		</b:includable>

		<!-- postPagination -->
		<b:includable id='postPagination'>
			<b:if cond='data:olderPageUrl or data:newerPageUrl'>
				<div>
					<b:if cond='data:newerPageUrl'>
						<a expr:href='data:newerPageUrl'>&#10094; Trang trước</a>
					</b:if>
					<b:if cond='data:olderPageUrl'>
						<a expr:href='data:olderPageUrl'>Trang sau &#10095;</a>
					</b:if>
				</div>
			</b:if>
		</b:includable>
		
	</b:widget>

</b:section>

</body>
</html>
